<?xml version="1.0" encoding="UTF-8"?>
<!-- Generated by org.testng.reporters.JUnitReportReporter -->
<testsuite hostname="Admin" failures="0" tests="2" name="testNGXML.NewTest4" time="0.003" errors="0" timestamp="2024-08-08T19:06:46 IST" skipped="0">
  <testcase classname="testNGXML.NewTest4" name="g" time="0.002">
    <system-out>
      <![CDATA[G is running ]]>
    </system-out>
  </testcase> <!-- g -->
  <testcase classname="testNGXML.NewTest4" name="f" time="0.001">
    <system-out>
      <![CDATA[F is running ]]>
    </system-out>
  </testcase> <!-- f -->
  <system-out>
    <![CDATA[A is running 
C is running 
F is running 
G is running ]]>
  </system-out>
</testsuite> <!-- testNGXML.NewTest4 -->
