<?xml version="1.0" encoding="UTF-8"?>
<!-- Generated by org.testng.reporters.JUnitReportReporter -->
<testsuite hostname="Admin" failures="0" tests="3" name="testNG_S.Test2" time="0.066" errors="0" timestamp="2024-08-02T21:00:55 IST" skipped="0">
  <testcase classname="testNG_S.Test2" name="f5" time="0.006">
    <system-out>
      <![CDATA[this is test method/test case]]>
    </system-out>
  </testcase> <!-- f5 -->
  <testcase classname="testNG_S.Test2" name="f0" time="0.031">
    <system-out>
      <![CDATA[my name is komal c. lagade]]>
    </system-out>
  </testcase> <!-- f0 -->
  <testcase classname="testNG_S.Test2" name="f6" time="0.029">
    <system-out>
      <![CDATA[my name is komal lagade]]>
    </system-out>
  </testcase> <!-- f6 -->
  <system-out>
    <![CDATA[my name is komal
my name is komal c. lagade
this is what we do
my name is komal
this is test method/test case
this is what we do
my name is komal
my name is komal lagade
this is what we do]]>
  </system-out>
</testsuite> <!-- testNG_S.Test2 -->
