<?xml version="1.0" encoding="UTF-8"?>
<!-- Generated by org.testng.reporters.JUnitReportReporter -->
<testsuite hostname="Admin" failures="0" tests="3" name="cbt_Cross_browser_Testcase.FBSignUp" time="30.409" errors="0" timestamp="2024-08-09T00:22:41 IST" skipped="0">
  <testcase classname="cbt_Cross_browser_Testcase.FBSignUp" name="f" time="8.047"/>
  <testcase classname="cbt_Cross_browser_Testcase.FBSignUp" name="f" time="9.501"/>
  <testcase classname="cbt_Cross_browser_Testcase.FBSignUp" name="f" time="12.861"/>
</testsuite> <!-- cbt_Cross_browser_Testcase.FBSignUp -->
