<?xml version="1.0" encoding="UTF-8"?>
<!-- Generated by org.testng.reporters.JUnitReportReporter -->
<testsuite hostname="Admin" failures="0" tests="1" name="verificationUsingTestNG.AssertEqualsNotEquals" time="0.017" errors="0" timestamp="2024-08-08T20:07:21 IST" skipped="0">
  <testcase classname="verificationUsingTestNG.AssertEqualsNotEquals" name="mathod" time="0.017"/>
</testsuite> <!-- verificationUsingTestNG.AssertEqualsNotEquals -->
