<?xml version="1.0" encoding="UTF-8"?>
<!-- Generated by org.testng.reporters.JUnitReportReporter -->
<testsuite hostname="Admin" failures="0" tests="1" name="testNG_S.TestCase1" time="16.209" errors="0" timestamp="2024-07-15T20:56:10 IST" skipped="0">
  <testcase classname="testNG_S.TestCase1" name="testmain" time="16.209"/>
</testsuite> <!-- testNG_S.TestCase1 -->
