<?xml version="1.0" encoding="UTF-8"?>
<!-- Generated by org.testng.reporters.JUnitReportReporter -->
<testsuite hostname="Admin" failures="0" tests="1" name="testNGXML.Ajio" time="5.601" errors="0" timestamp="2024-08-08T19:24:57 IST" skipped="0">
  <testcase classname="testNGXML.Ajio" name="ajiotest" time="5.601"/>
</testsuite> <!-- testNGXML.Ajio -->
