<?xml version="1.0" encoding="UTF-8"?>
<!-- Generated by org.testng.reporters.JUnitReportReporter -->
<testsuite hostname="Admin" failures="0" tests="4" name="testNGKeywords.MyClass" time="0.066" errors="0" timestamp="2024-08-10T21:26:39 IST" skipped="0">
  <testcase classname="testNGKeywords.MyClass" name="a" time="0.044">
    <system-out>
      <![CDATA[a is running]]>
    </system-out>
  </testcase> <!-- a -->
  <testcase classname="testNGKeywords.MyClass" name="b" time="0.008">
    <system-out>
      <![CDATA[b is running]]>
    </system-out>
  </testcase> <!-- b -->
  <testcase classname="testNGKeywords.MyClass" name="c" time="0.008">
    <system-out>
      <![CDATA[c is running]]>
    </system-out>
  </testcase> <!-- c -->
  <testcase classname="testNGKeywords.MyClass" name="d" time="0.006">
    <system-out>
      <![CDATA[d is running]]>
    </system-out>
  </testcase> <!-- d -->
  <system-out>
    <![CDATA[a is running
b is running
c is running
d is running]]>
  </system-out>
</testsuite> <!-- testNGKeywords.MyClass -->
