<?xml version="1.0" encoding="UTF-8"?>
<!-- Generated by org.testng.reporters.JUnitReportReporter -->
<testsuite hostname="Admin" failures="0" tests="3" name="dataProviders.FBSignUp_DataProvider" time="26.179" errors="0" timestamp="2024-07-26T14:39:40 IST" skipped="0">
  <testcase classname="dataProviders.FBSignUp_DataProvider" name="f" time="11.582"/>
  <testcase classname="dataProviders.FBSignUp_DataProvider" name="f" time="7.512"/>
  <testcase classname="dataProviders.FBSignUp_DataProvider" name="f" time="7.085"/>
</testsuite> <!-- dataProviders.FBSignUp_DataProvider -->
