<?xml version="1.0" encoding="UTF-8"?>
<!-- Generated by org.testng.reporters.JUnitReportReporter -->
<testsuite hostname="Admin" failures="0" tests="1" name="dataProviders.FBSignUp_UsingPropertiesFile" time="5.786" errors="0" timestamp="2024-08-10T22:44:12 IST" skipped="0">
  <testcase classname="dataProviders.FBSignUp_UsingPropertiesFile" name="f" time="5.786"/>
</testsuite> <!-- dataProviders.FBSignUp_UsingPropertiesFile -->
