<?xml version="1.0" encoding="UTF-8"?>
<!-- Generated by org.testng.reporters.JUnitReportReporter -->
<testsuite hostname="Admin" failures="0" tests="2" name="testNGXML.NewTest5" time="0.016" errors="0" timestamp="2024-08-08T19:06:46 IST" skipped="0">
  <testcase classname="testNGXML.NewTest5" name="a" time="0.014">
    <system-out>
      <![CDATA[A is running ]]>
    </system-out>
  </testcase> <!-- a -->
  <testcase classname="testNGXML.NewTest5" name="c" time="0.002">
    <system-out>
      <![CDATA[C is running ]]>
    </system-out>
  </testcase> <!-- c -->
  <system-out>
    <![CDATA[A is running 
C is running 
F is running 
G is running ]]>
  </system-out>
</testsuite> <!-- testNGXML.NewTest5 -->
