<?xml version="1.0" encoding="UTF-8"?>
<!-- Generated by org.testng.reporters.JUnitReportReporter -->
<testsuite hostname="Admin" failures="0" tests="1" name="testNGXML.FB" time="6.605" errors="0" timestamp="2024-08-08T19:24:57 IST" skipped="0">
  <testcase classname="testNGXML.FB" name="facebook" time="6.605"/>
</testsuite> <!-- testNGXML.FB -->
