<?xml version="1.0" encoding="UTF-8"?>
<!-- Generated by org.testng.reporters.JUnitReportReporter -->
<testsuite hostname="Admin" failures="0" tests="3" name="dataProviders.FBSignUp" time="20.264" errors="0" timestamp="2024-08-09T19:52:16 IST" skipped="0">
  <testcase classname="dataProviders.FBSignUp" name="f" time="8.550"/>
  <testcase classname="dataProviders.FBSignUp" name="f" time="6.211"/>
  <testcase classname="dataProviders.FBSignUp" name="f" time="5.503"/>
</testsuite> <!-- dataProviders.FBSignUp -->
