<?xml version="1.0" encoding="UTF-8"?>
<!-- Generated by org.testng.reporters.JUnitReportReporter -->
<testsuite hostname="Admin" failures="0" tests="5" name="dataProviders.FBSignUp_DataProviderExcel" time="33.185" errors="0" timestamp="2024-08-10T21:10:07 IST" skipped="0">
  <testcase classname="dataProviders.FBSignUp_DataProviderExcel" name="f" time="6.948"/>
  <testcase classname="dataProviders.FBSignUp_DataProviderExcel" name="f" time="6.241"/>
  <testcase classname="dataProviders.FBSignUp_DataProviderExcel" name="f" time="6.175"/>
  <testcase classname="dataProviders.FBSignUp_DataProviderExcel" name="f" time="6.806"/>
  <testcase classname="dataProviders.FBSignUp_DataProviderExcel" name="f" time="7.015"/>
</testsuite> <!-- dataProviders.FBSignUp_DataProviderExcel -->
