<?xml version="1.0" encoding="UTF-8"?>
<!-- Generated by org.testng.reporters.JUnitReportReporter -->
<testsuite hostname="Admin" failures="0" tests="1" name="testNG_S.Text1" time="0.071" errors="0" timestamp="2024-08-02T20:43:07 IST" skipped="0">
  <testcase classname="testNG_S.Text1" name="f" time="0.071">
    <system-out>
      <![CDATA[this is reporter
this is new reportor]]>
    </system-out>
  </testcase> <!-- f -->
  <system-out>
    <![CDATA[my name is komal
this is reporter
this is new reportor
this is what we do]]>
  </system-out>
</testsuite> <!-- testNG_S.Text1 -->
