<?xml version="1.0" encoding="UTF-8"?>
<!-- Generated by org.testng.reporters.JUnitReportReporter -->
<testsuite hostname="Admin" failures="0" tests="2" name="testNG_S.BeforeAfterClass" time="0.017" errors="0" timestamp="2024-07-13T22:56:35 IST" skipped="0">
  <testcase classname="testNG_S.BeforeAfterClass" name="f1" time="0.003">
    <system-out>
      <![CDATA[test case1 running]]>
    </system-out>
  </testcase> <!-- f1 -->
  <testcase classname="testNG_S.BeforeAfterClass" name="f" time="0.014">
    <system-out>
      <![CDATA[test case running]]>
    </system-out>
  </testcase> <!-- f -->
  <system-out>
    <![CDATA[beforeclass is running
this beforemethod is running 
test case running
aftermethod is running
this beforemethod is running 
test case1 running
aftermethod is running
afterclass is running]]>
  </system-out>
</testsuite> <!-- testNG_S.BeforeAfterClass -->
