<?xml version="1.0" encoding="UTF-8"?>
<!-- Generated by org.testng.reporters.JUnitReportReporter -->
<testsuite hostname="Admin" failures="0" tests="1" name="testNG_S.BeforeAfterMethod" time="0.024" errors="0" timestamp="2024-07-13T22:31:00 IST" skipped="0">
  <testcase classname="testNG_S.BeforeAfterMethod" name="f" time="0.024">
    <system-out>
      <![CDATA[this is (main method) test-methhod/test-case running]]>
    </system-out>
  </testcase> <!-- f -->
  <system-out>
    <![CDATA[this is before method is running
this is (main method) test-methhod/test-case running]]>
  </system-out>
</testsuite> <!-- testNG_S.BeforeAfterMethod -->
