<?xml version="1.0" encoding="UTF-8"?>
<!-- Generated by org.testng.reporters.JUnitReportReporter -->
<testsuite hostname="Admin" failures="0" tests="4" name="testNGKeywords.MultipleKeywords" time="0.013" errors="0" timestamp="2024-08-06T00:21:10 IST" skipped="1">
  <testcase classname="testNGKeywords.MultipleKeywords" name="b" time="0.011">
    <system-out>
      <![CDATA[B is running]]>
    </system-out>
  </testcase> <!-- b -->
  <testcase classname="testNGKeywords.MultipleKeywords" name="b" time="0.001">
    <system-out>
      <![CDATA[B is running]]>
    </system-out>
  </testcase> <!-- b -->
  <testcase classname="testNGKeywords.MultipleKeywords" name="a" time="0.001">
    <system-out>
      <![CDATA[A is running]]>
    </system-out>
  </testcase> <!-- a -->
  <testcase classname="testNGKeywords.MultipleKeywords" name="c">
    <skipped/>
  </testcase> <!-- c -->
  <system-out>
    <![CDATA[B is running
B is running
A is running]]>
  </system-out>
</testsuite> <!-- testNGKeywords.MultipleKeywords -->
