<?xml version="1.0" encoding="UTF-8"?>
<!-- Generated by org.testng.reporters.JUnitReportReporter -->
<testsuite hostname="Admin" failures="0" tests="1" name="verificationUsingTestNG.AssertNullNotNull" time="0.016" errors="0" timestamp="2024-08-08T20:23:27 IST" skipped="0">
  <testcase classname="verificationUsingTestNG.AssertNullNotNull" name="mathod" time="0.016"/>
</testsuite> <!-- verificationUsingTestNG.AssertNullNotNull -->
