<?xml version="1.0" encoding="UTF-8"?>
<!-- Generated by org.testng.reporters.JUnitReportReporter -->
<testsuite hostname="Admin" failures="0" tests="2" name="testNGXML.NewTest" time="0.012" errors="0" timestamp="2024-08-06T20:22:14 IST" skipped="0">
  <testcase classname="testNGXML.NewTest" name="d" time="0.001">
    <system-out>
      <![CDATA[D is running ]]>
    </system-out>
  </testcase> <!-- d -->
  <testcase classname="testNGXML.NewTest" name="a" time="0.011">
    <system-out>
      <![CDATA[A is running ]]>
    </system-out>
  </testcase> <!-- a -->
  <system-out>
    <![CDATA[A is running 
D is running ]]>
  </system-out>
</testsuite> <!-- testNGXML.NewTest -->
