<?xml version="1.0" encoding="UTF-8"?>
<!-- Generated by org.testng.reporters.JUnitReportReporter -->
<testsuite hostname="Admin" failures="0" tests="1" name="verificationUsingTestNG.AssertTrueFalse" time="0.019" errors="0" timestamp="2024-07-23T17:42:16 IST" skipped="0">
  <testcase classname="verificationUsingTestNG.AssertTrueFalse" name="mathod" time="0.019"/>
</testsuite> <!-- verificationUsingTestNG.AssertTrueFalse -->
