<?xml version="1.0" encoding="UTF-8"?>
<!-- Generated by org.testng.reporters.JUnitReportReporter -->
<testsuite hostname="Admin" failures="0" tests="4" name="testNGKeywords.PriorityTest" time="0.020" errors="0" timestamp="2024-08-02T23:44:36 IST" skipped="0">
  <testcase classname="testNGKeywords.PriorityTest" name="d" time="0.015">
    <system-out>
      <![CDATA[D is running]]>
    </system-out>
  </testcase> <!-- d -->
  <testcase classname="testNGKeywords.PriorityTest" name="c" time="0.002">
    <system-out>
      <![CDATA[C is running]]>
    </system-out>
  </testcase> <!-- c -->
  <testcase classname="testNGKeywords.PriorityTest" name="b" time="0.002">
    <system-out>
      <![CDATA[B is running]]>
    </system-out>
  </testcase> <!-- b -->
  <testcase classname="testNGKeywords.PriorityTest" name="a" time="0.001">
    <system-out>
      <![CDATA[A is running]]>
    </system-out>
  </testcase> <!-- a -->
  <system-out>
    <![CDATA[D is running
C is running
B is running
A is running]]>
  </system-out>
</testsuite> <!-- testNGKeywords.PriorityTest -->
