<?xml version="1.0" encoding="UTF-8"?>
<!-- Generated by org.testng.reporters.JUnitReportReporter -->
<testsuite hostname="Admin" failures="0" tests="1" name="cbt_Cross_browser_Testcase.FireFoxLunch" time="4.049" errors="0" timestamp="2024-07-24T21:00:34 IST" skipped="0">
  <testcase classname="cbt_Cross_browser_Testcase.FireFoxLunch" name="f" time="4.049"/>
</testsuite> <!-- cbt_Cross_browser_Testcase.FireFoxLunch -->
