<?xml version="1.0" encoding="UTF-8"?>
<!-- Generated by org.testng.reporters.JUnitReportReporter -->
<testsuite hostname="Admin" failures="0" tests="1" name="verificationUsingTestNG.SoftAssertStudy" time="0.079" errors="0" timestamp="2024-08-09T00:21:41 IST" skipped="0">
  <testcase classname="verificationUsingTestNG.SoftAssertStudy" name="Mytest1" time="0.079"/>
</testsuite> <!-- verificationUsingTestNG.SoftAssertStudy -->
