<?xml version="1.0" encoding="UTF-8"?>
<!-- Generated by org.testng.reporters.JUnitReportReporter -->
<testsuite hostname="Admin" failures="0" tests="3" name="testNGKeywords.InvocationCountTest" time="0.025" errors="0" timestamp="2024-08-02T23:33:12 IST" skipped="0">
  <testcase classname="testNGKeywords.InvocationCountTest" name="mytest" time="0.021">
    <system-out>
      <![CDATA[my test is running]]>
    </system-out>
  </testcase> <!-- mytest -->
  <testcase classname="testNGKeywords.InvocationCountTest" name="mytest" time="0.002">
    <system-out>
      <![CDATA[my test is running]]>
    </system-out>
  </testcase> <!-- mytest -->
  <testcase classname="testNGKeywords.InvocationCountTest" name="mytest" time="0.002">
    <system-out>
      <![CDATA[my test is running]]>
    </system-out>
  </testcase> <!-- mytest -->
  <system-out>
    <![CDATA[my test is running
my test is running
my test is running]]>
  </system-out>
</testsuite> <!-- testNGKeywords.InvocationCountTest -->
