<?xml version="1.0" encoding="UTF-8"?>
<!-- Generated by org.testng.reporters.JUnitReportReporter -->
<testsuite hostname="Admin" failures="0" tests="1" name="testNG_S.FirstTestCase" time="13.235" errors="0" timestamp="2024-07-14T19:14:51 IST" skipped="0">
  <testcase classname="testNG_S.FirstTestCase" name="f" time="13.235"/>
</testsuite> <!-- testNG_S.FirstTestCase -->
