<?xml version="1.0" encoding="UTF-8"?>
<!-- Generated by org.testng.reporters.JUnitReportReporter -->
<testsuite hostname="Admin" failures="0" tests="3" name="testNGKeywords.DependsOnMethods" time="0.019" errors="0" timestamp="2024-08-06T00:04:09 IST" skipped="0">
  <testcase classname="testNGKeywords.DependsOnMethods" name="b" time="0.015">
    <system-out>
      <![CDATA[B is running]]>
    </system-out>
  </testcase> <!-- b -->
  <testcase classname="testNGKeywords.DependsOnMethods" name="a" time="0.002">
    <system-out>
      <![CDATA[A is running]]>
    </system-out>
  </testcase> <!-- a -->
  <testcase classname="testNGKeywords.DependsOnMethods" name="c" time="0.002">
    <system-out>
      <![CDATA[C is running]]>
    </system-out>
  </testcase> <!-- c -->
  <system-out>
    <![CDATA[B is running
C is running
A is running]]>
  </system-out>
</testsuite> <!-- testNGKeywords.DependsOnMethods -->
