<?xml version="1.0" encoding="UTF-8"?>
<!-- Generated by org.testng.reporters.JUnitReportReporter -->
<testsuite hostname="Admin" failures="0" tests="1" name="coverFoxTest.CoverFoxTC" time="3.318" errors="0" timestamp="2024-08-16T19:12:30 IST" skipped="0">
  <testcase classname="coverFoxTest.CoverFoxTC" name="validateBanners" time="3.318">
    <system-out>
      <![CDATA[checking sortPlanFilterIsDisplayed
taking screenshot
saving file at loctionC:\Users\Dell\eclipse-workspace\tesing_selenium_project\screenShots\validatePresenceOfSortButton20240816191229.png]]>
    </system-out>
  </testcase> <!-- validateBanners -->
  <system-out>
    <![CDATA[launching browser
waiting........
Clicking on gender button
Clicking on next button
reading data from excel
Handeling dropdown
Clicking on next button
reading data from excel
entering pin code
reading data from excel
entering moblie number
Clicking on next button
checking sortPlanFilterIsDisplayed
taking screenshot
saving file at loctionC:\Users\Dell\eclipse-workspace\tesing_selenium_project\screenShots\validatePresenceOfSortButton20240816191229.png
closing browser]]>
  </system-out>
</testsuite> <!-- coverFoxTest.CoverFoxTC -->
